<!-- Licensed to the Apache Software Foundation (ASF) under one or more contributor 
	license agreements. See the NOTICE file distributed with this work for additional 
	information regarding copyright ownership. The ASF licenses this file to 
	You under the Apache License, Version 2.0 (the "License"); you may not use 
	this file except in compliance with the License. You may obtain a copy of 
	the License at http://www.apache.org/licenses/LICENSE-2.0 Unless required 
	by applicable law or agreed to in writing, software distributed under the 
	License is distributed on an "AS IS" BASIS, WITHOUT WARRANTIES OR CONDITIONS 
	OF ANY KIND, either express or implied. See the License for the specific 
	language governing permissions and limitations under the License. -->
<providers>
	<default-provider
		class-name="org.apache.commons.vfs2.provider.url.UrlFileProvider">
	</default-provider>
<!-- 	<provider
		class-name="org.apache.commons.vfs2.provider.local.DefaultLocalFileProvider">
		<scheme name="file" />
	</provider>
 -->
 	<provider class-name="fr.perigee.commonsvfs.truezip.zip.ZipFileProvider">
		<scheme name="zip" />
	</provider>

	<provider class-name="org.apache.commons.vfs2.provider.jar.JarFileProvider">
		<scheme name="jar" />
		<scheme name="sar" />
		<scheme name="ear" />
		<scheme name="par" />
		<scheme name="ejb3" />
		<scheme name="war" />
	</provider>

	<extension-map extension="zip" scheme="zip" />
	<mime-type-map mime-type="application/zip" scheme="zip" />
	<!-- <mime-type-map mime-type="application/x-tgz" scheme="tgz"/> -->
	<extension-map extension="jar" scheme="jar" />
	<extension-map extension="bz2" scheme="bz2" />
	<extension-map extension="gz" scheme="gz" />
</providers>
                    